Copyright 1986-2022 Xilinx, Inc. All Rights Reserved. Copyright 2022-2023 Advanced Micro Devices, Inc. All Rights Reserved.
---------------------------------------------------------------------------------------------------------------------------------------------
| Tool Version : Vivado v.2023.2 (win64) Build 4029153 Fri Oct 13 20:14:34 MDT 2023
| Date         : Wed Jun 26 19:36:57 2024
| Host         : DESKTOP-VCL2FF6 running 64-bit major release  (build 9200)
| Command      : report_control_sets -verbose -file TOP_control_sets_placed.rpt
| Design       : TOP
| Device       : xc7s25
---------------------------------------------------------------------------------------------------------------------------------------------

Control Set Information

Table of Contents
-----------------
1. Summary
2. Histogram
3. Flip-Flop Distribution
4. Detailed Control Set Information

1. Summary
----------

+----------------------------------------------------------+-------+
|                          Status                          | Count |
+----------------------------------------------------------+-------+
| Total control sets                                       |    13 |
|    Minimum number of control sets                        |    13 |
|    Addition due to synthesis replication                 |     0 |
|    Addition due to physical synthesis replication        |     0 |
| Unused register locations in slices containing registers |    58 |
+----------------------------------------------------------+-------+
* Control sets can be merged at opt_design using control_set_merge or merge_equivalent_drivers
** Run report_qor_suggestions for automated merging and remapping suggestions


2. Histogram
------------

+--------------------+-------+
|       Fanout       | Count |
+--------------------+-------+
| Total control sets |    13 |
| >= 0 to < 4        |     8 |
| >= 4 to < 6        |     0 |
| >= 6 to < 8        |     1 |
| >= 8 to < 10       |     4 |
| >= 10 to < 12      |     0 |
| >= 12 to < 14      |     0 |
| >= 14 to < 16      |     0 |
| >= 16              |     0 |
+--------------------+-------+
* Control sets can be remapped at either synth_design or opt_design


3. Flip-Flop Distribution
-------------------------

+--------------+-----------------------+------------------------+-----------------+--------------+
| Clock Enable | Synchronous Set/Reset | Asynchronous Set/Reset | Total Registers | Total Slices |
+--------------+-----------------------+------------------------+-----------------+--------------+
| No           | No                    | No                     |               8 |            2 |
| No           | No                    | Yes                    |               6 |            3 |
| No           | Yes                   | No                     |               0 |            0 |
| Yes          | No                    | No                     |              32 |           17 |
| Yes          | No                    | Yes                    |               0 |            0 |
| Yes          | Yes                   | No                     |               0 |            0 |
+--------------+-----------------------+------------------------+-----------------+--------------+


4. Detailed Control Set Information
-----------------------------------

+----------------+----------------------------------+------------------+------------------+----------------+--------------+
|  Clock Signal  |           Enable Signal          | Set/Reset Signal | Slice Load Count | Bel Load Count | Bels / Slice |
+----------------+----------------------------------+------------------+------------------+----------------+--------------+
|  clk_IBUF_BUFG | uart_rx/p_0_in[0]                |                  |                1 |              1 |         1.00 |
|  clk_IBUF_BUFG | uart_rx/p_0_in[1]                |                  |                1 |              1 |         1.00 |
|  clk_IBUF_BUFG | uart_rx/p_0_in[4]                |                  |                1 |              1 |         1.00 |
|  clk_IBUF_BUFG | uart_rx/p_0_in[6]                |                  |                1 |              1 |         1.00 |
|  clk_IBUF_BUFG | uart_rx/p_0_in[2]                |                  |                1 |              1 |         1.00 |
|  clk_IBUF_BUFG | uart_rx/p_0_in[7]                |                  |                1 |              1 |         1.00 |
|  clk_IBUF_BUFG | uart_rx/p_0_in[5]                |                  |                1 |              1 |         1.00 |
|  clk_IBUF_BUFG | uart_rx/p_0_in[3]                |                  |                1 |              1 |         1.00 |
|  clk_IBUF_BUFG |                                  | rst_btn_IBUF     |                3 |              6 |         2.00 |
|  clk_IBUF_BUFG |                                  |                  |                2 |              8 |         4.00 |
|  clk_IBUF_BUFG | uart_rx/BIT_CLK_COUNT[7]_i_1_n_0 |                  |                3 |              8 |         2.67 |
|  clk_IBUF_BUFG | uart_tx/BIT_CLK_COUNT[6]_i_1_n_0 |                  |                4 |              8 |         2.00 |
|  clk_IBUF_BUFG | uart_tx/TX_Data[7]_i_1_n_0       |                  |                2 |              8 |         4.00 |
+----------------+----------------------------------+------------------+------------------+----------------+--------------+


