
*** Running vivado
    with args -log TOP.vds -m64 -product Vivado -mode batch -messageDb vivado.pb -notrace -source TOP.tcl


ECHO is off.
ECHO is off.

****** Vivado v2023.2 (64-bit)
  **** SW Build 4029153 on Fri Oct 13 20:14:34 MDT 2023
  **** IP Build 4028589 on Sat Oct 14 00:45:43 MDT 2023
  **** SharedData Build 4025554 on Tue Oct 10 17:18:54 MDT 2023
    ** Copyright 1986-2022 Xilinx, Inc. All Rights Reserved.
    ** Copyright 2022-2023 Advanced Micro Devices, Inc. All Rights Reserved.

source TOP.tcl -notrace
create_project: Time (s): cpu = 00:00:08 ; elapsed = 00:00:09 . Memory (MB): peak = 468.289 ; gain = 182.016
Command: read_checkpoint -auto_incremental -incremental D:/FPGA_Projects/UART_Reciever/UART_Reciever.srcs/utils_1/imports/synth_1/TOP.dcp
INFO: [Vivado 12-5825] Read reference checkpoint from D:/FPGA_Projects/UART_Reciever/UART_Reciever.srcs/utils_1/imports/synth_1/TOP.dcp for incremental synthesis
INFO: [Vivado 12-7989] Please ensure there are no constraint changes
Command: synth_design -top TOP -part xc7s25csga324-1
Starting synth_design
Attempting to get a license for feature 'Synthesis' and/or device 'xc7s25'
INFO: [Common 17-349] Got license for feature 'Synthesis' and/or device 'xc7s25'
INFO: [Device 21-403] Loading part xc7s25csga324-1
INFO: [Designutils 20-5440] No compile time benefit to using incremental synthesis; A full resynthesis will be run
INFO: [Designutils 20-4379] Flow is switching to default flow due to incremental criteria not met. If you would like to alter this behaviour and have the flow terminate instead, please set the following parameter config_implementation {autoIncr.Synth.RejectBehavior Terminate}
INFO: [Synth 8-7079] Multithreading enabled for synth_design using a maximum of 2 processes.
INFO: [Synth 8-7078] Launching helper process for spawning children vivado processes
INFO: [Synth 8-7075] Helper process launched with PID 7624
---------------------------------------------------------------------------------
Starting RTL Elaboration : Time (s): cpu = 00:00:07 ; elapsed = 00:00:07 . Memory (MB): peak = 1288.793 ; gain = 440.230
---------------------------------------------------------------------------------
INFO: [Synth 8-6157] synthesizing module 'TOP' [D:/FPGA_Projects/UART_Reciever/UART_Reciever.srcs/sources_1/new/TOP.v:23]
INFO: [Synth 8-6157] synthesizing module 'UART_RX' [D:/FPGA_Projects/UART_Reciever/UART_Reciever.srcs/sources_1/new/UART_RX.v:23]
	Parameter CLKS_PER_BIT bound to: 104 - type: integer 
INFO: [Synth 8-6155] done synthesizing module 'UART_RX' (0#1) [D:/FPGA_Projects/UART_Reciever/UART_Reciever.srcs/sources_1/new/UART_RX.v:23]
INFO: [Synth 8-6157] synthesizing module 'UART_TX' [D:/FPGA_Projects/UART_Reciever/UART_Reciever.srcs/sources_1/new/UART_TX.v:23]
	Parameter CLKS_PER_BIT bound to: 104 - type: integer 
INFO: [Synth 8-6155] done synthesizing module 'UART_TX' (0#1) [D:/FPGA_Projects/UART_Reciever/UART_Reciever.srcs/sources_1/new/UART_TX.v:23]
INFO: [Synth 8-6155] done synthesizing module 'TOP' (0#1) [D:/FPGA_Projects/UART_Reciever/UART_Reciever.srcs/sources_1/new/TOP.v:23]
WARNING: [Synth 8-7137] Register RX_REG_DV_reg in module UART_RX has both Set and reset with same priority. This may cause simulation mismatches. Consider rewriting code  [D:/FPGA_Projects/UART_Reciever/UART_Reciever.srcs/sources_1/new/UART_RX.v:56]
WARNING: [Synth 8-7137] Register BIT_CLK_COUNT_reg in module UART_RX has both Set and reset with same priority. This may cause simulation mismatches. Consider rewriting code  [D:/FPGA_Projects/UART_Reciever/UART_Reciever.srcs/sources_1/new/UART_RX.v:57]
WARNING: [Synth 8-7137] Register BIT_INDEX_reg in module UART_RX has both Set and reset with same priority. This may cause simulation mismatches. Consider rewriting code  [D:/FPGA_Projects/UART_Reciever/UART_Reciever.srcs/sources_1/new/UART_RX.v:58]
WARNING: [Synth 8-7137] Register RX_BYTE_reg in module UART_RX has both Set and reset with same priority. This may cause simulation mismatches. Consider rewriting code  [D:/FPGA_Projects/UART_Reciever/UART_Reciever.srcs/sources_1/new/UART_RX.v:88]
WARNING: [Synth 8-7137] Register TX_DONE_reg in module UART_TX has both Set and reset with same priority. This may cause simulation mismatches. Consider rewriting code  [D:/FPGA_Projects/UART_Reciever/UART_Reciever.srcs/sources_1/new/UART_TX.v:53]
WARNING: [Synth 8-7137] Register UART_TX_OUT_reg in module UART_TX has both Set and reset with same priority. This may cause simulation mismatches. Consider rewriting code  [D:/FPGA_Projects/UART_Reciever/UART_Reciever.srcs/sources_1/new/UART_TX.v:57]
WARNING: [Synth 8-7137] Register BIT_CLK_COUNT_reg in module UART_TX has both Set and reset with same priority. This may cause simulation mismatches. Consider rewriting code  [D:/FPGA_Projects/UART_Reciever/UART_Reciever.srcs/sources_1/new/UART_TX.v:58]
WARNING: [Synth 8-7137] Register BIT_INDEX_reg in module UART_TX has both Set and reset with same priority. This may cause simulation mismatches. Consider rewriting code  [D:/FPGA_Projects/UART_Reciever/UART_Reciever.srcs/sources_1/new/UART_TX.v:59]
WARNING: [Synth 8-7137] Register TX_ACTIVE_reg in module UART_TX has both Set and reset with same priority. This may cause simulation mismatches. Consider rewriting code  [D:/FPGA_Projects/UART_Reciever/UART_Reciever.srcs/sources_1/new/UART_TX.v:62]
WARNING: [Synth 8-7137] Register TX_Data_reg in module UART_TX has both Set and reset with same priority. This may cause simulation mismatches. Consider rewriting code  [D:/FPGA_Projects/UART_Reciever/UART_Reciever.srcs/sources_1/new/UART_TX.v:63]
---------------------------------------------------------------------------------
Finished RTL Elaboration : Time (s): cpu = 00:00:09 ; elapsed = 00:00:10 . Memory (MB): peak = 1398.504 ; gain = 549.941
---------------------------------------------------------------------------------
---------------------------------------------------------------------------------
Start Handling Custom Attributes
---------------------------------------------------------------------------------
---------------------------------------------------------------------------------
Finished Handling Custom Attributes : Time (s): cpu = 00:00:10 ; elapsed = 00:00:10 . Memory (MB): peak = 1398.504 ; gain = 549.941
---------------------------------------------------------------------------------
---------------------------------------------------------------------------------
Finished RTL Optimization Phase 1 : Time (s): cpu = 00:00:10 ; elapsed = 00:00:10 . Memory (MB): peak = 1398.504 ; gain = 549.941
---------------------------------------------------------------------------------
Netlist sorting complete. Time (s): cpu = 00:00:00 ; elapsed = 00:00:00.004 . Memory (MB): peak = 1398.504 ; gain = 0.000
INFO: [Project 1-570] Preparing netlist for logic optimization

Processing XDC Constraints
Initializing timing engine
Parsing XDC File [D:/FPGA_Projects/UART_Reciever/UART_Reciever.srcs/constrs_1/imports/digilent-xdc-master/Arty-S7-25-Master.xdc]
Finished Parsing XDC File [D:/FPGA_Projects/UART_Reciever/UART_Reciever.srcs/constrs_1/imports/digilent-xdc-master/Arty-S7-25-Master.xdc]
INFO: [Project 1-236] Implementation specific constraints were found while reading constraint file [D:/FPGA_Projects/UART_Reciever/UART_Reciever.srcs/constrs_1/imports/digilent-xdc-master/Arty-S7-25-Master.xdc]. These constraints will be ignored for synthesis but will be used in implementation. Impacted constraints are listed in the file [.Xil/TOP_propImpl.xdc].
Resolution: To avoid this warning, move constraints listed in [.Xil/TOP_propImpl.xdc] to another XDC file and exclude this new file from synthesis with the used_in_synthesis property (File Properties dialog in GUI) and re-run elaboration/synthesis.
Completed Processing XDC Constraints

Netlist sorting complete. Time (s): cpu = 00:00:00 ; elapsed = 00:00:00 . Memory (MB): peak = 1440.441 ; gain = 0.000
INFO: [Project 1-111] Unisim Transformation Summary:
No Unisim elements were transformed.

The system cannot find the path specified.
Constraint Validation Runtime : Time (s): cpu = 00:00:00 ; elapsed = 00:00:00.002 . Memory (MB): peak = 1440.441 ; gain = 0.000
INFO: [Designutils 20-5440] No compile time benefit to using incremental synthesis; A full resynthesis will be run
INFO: [Designutils 20-4379] Flow is switching to default flow due to incremental criteria not met. If you would like to alter this behaviour and have the flow terminate instead, please set the following parameter config_implementation {autoIncr.Synth.RejectBehavior Terminate}
---------------------------------------------------------------------------------
Finished Constraint Validation : Time (s): cpu = 00:00:19 ; elapsed = 00:00:20 . Memory (MB): peak = 1440.441 ; gain = 591.879
---------------------------------------------------------------------------------
---------------------------------------------------------------------------------
Start Loading Part and Timing Information
---------------------------------------------------------------------------------
Loading part: xc7s25csga324-1
---------------------------------------------------------------------------------
Finished Loading Part and Timing Information : Time (s): cpu = 00:00:19 ; elapsed = 00:00:20 . Memory (MB): peak = 1440.441 ; gain = 591.879
---------------------------------------------------------------------------------
---------------------------------------------------------------------------------
Start Applying 'set_property' XDC Constraints
---------------------------------------------------------------------------------
---------------------------------------------------------------------------------
Finished applying 'set_property' XDC Constraints : Time (s): cpu = 00:00:19 ; elapsed = 00:00:20 . Memory (MB): peak = 1440.441 ; gain = 591.879
---------------------------------------------------------------------------------
INFO: [Synth 8-802] inferred FSM for state register 'STATE_reg' in module 'UART_RX'
INFO: [Synth 8-802] inferred FSM for state register 'STATE_reg' in module 'UART_TX'
---------------------------------------------------------------------------------------------------
                   State |                     New Encoding |                Previous Encoding 
---------------------------------------------------------------------------------------------------
                    IDLE |                              000 |                              000
               START_BIT |                              001 |                              001
                DATA_BIT |                              010 |                              010
                STOP_BIT |                              011 |                              100
                CLEAN_UP |                              100 |                              111
---------------------------------------------------------------------------------------------------
INFO: [Synth 8-3354] encoded FSM with state register 'STATE_reg' using encoding 'sequential' in module 'UART_RX'
---------------------------------------------------------------------------------------------------
                   State |                     New Encoding |                Previous Encoding 
---------------------------------------------------------------------------------------------------
                    IDLE |                              000 |                              000
               START_BIT |                              001 |                              001
                DATA_BIT |                              010 |                              010
                STOP_BIT |                              011 |                              011
                CLEAN_UP |                              100 |                              100
---------------------------------------------------------------------------------------------------
INFO: [Synth 8-3354] encoded FSM with state register 'STATE_reg' using encoding 'sequential' in module 'UART_TX'
---------------------------------------------------------------------------------
Finished RTL Optimization Phase 2 : Time (s): cpu = 00:00:20 ; elapsed = 00:00:20 . Memory (MB): peak = 1440.441 ; gain = 591.879
---------------------------------------------------------------------------------
---------------------------------------------------------------------------------
Start RTL Component Statistics 
---------------------------------------------------------------------------------
Detailed RTL Component Info : 
+---Adders : 
	   2 Input    8 Bit       Adders := 1     
	   2 Input    7 Bit       Adders := 1     
	   2 Input    3 Bit       Adders := 2     
+---Registers : 
	                8 Bit    Registers := 4     
	                3 Bit    Registers := 2     
	                1 Bit    Registers := 4     
+---Muxes : 
	   2 Input    8 Bit        Muxes := 3     
	   5 Input    8 Bit        Muxes := 3     
	   2 Input    3 Bit        Muxes := 14    
	   5 Input    3 Bit        Muxes := 4     
	   2 Input    1 Bit        Muxes := 5     
	   5 Input    1 Bit        Muxes := 12    
---------------------------------------------------------------------------------
Finished RTL Component Statistics 
---------------------------------------------------------------------------------
---------------------------------------------------------------------------------
Start Part Resource Summary
---------------------------------------------------------------------------------
Part Resources:
DSPs: 80 (col length:40)
BRAMs: 90 (col length: RAMB18 40 RAMB36 20)
---------------------------------------------------------------------------------
Finished Part Resource Summary
---------------------------------------------------------------------------------
---------------------------------------------------------------------------------
Start Cross Boundary and Area Optimization
---------------------------------------------------------------------------------
WARNING: [Synth 8-7080] Parallel synthesis criteria is not met
---------------------------------------------------------------------------------
Finished Cross Boundary and Area Optimization : Time (s): cpu = 00:00:23 ; elapsed = 00:00:23 . Memory (MB): peak = 1440.441 ; gain = 591.879
---------------------------------------------------------------------------------
---------------------------------------------------------------------------------
Start Applying XDC Timing Constraints
---------------------------------------------------------------------------------
---------------------------------------------------------------------------------
Finished Applying XDC Timing Constraints : Time (s): cpu = 00:00:29 ; elapsed = 00:00:30 . Memory (MB): peak = 1440.441 ; gain = 591.879
---------------------------------------------------------------------------------
---------------------------------------------------------------------------------
Start Timing Optimization
---------------------------------------------------------------------------------
---------------------------------------------------------------------------------
Finished Timing Optimization : Time (s): cpu = 00:00:30 ; elapsed = 00:00:31 . Memory (MB): peak = 1440.441 ; gain = 591.879
---------------------------------------------------------------------------------
---------------------------------------------------------------------------------
Start Technology Mapping
---------------------------------------------------------------------------------
---------------------------------------------------------------------------------
Finished Technology Mapping : Time (s): cpu = 00:00:30 ; elapsed = 00:00:31 . Memory (MB): peak = 1440.441 ; gain = 591.879
---------------------------------------------------------------------------------
---------------------------------------------------------------------------------
Start IO Insertion
---------------------------------------------------------------------------------
---------------------------------------------------------------------------------
Start Flattening Before IO Insertion
---------------------------------------------------------------------------------
---------------------------------------------------------------------------------
Finished Flattening Before IO Insertion
---------------------------------------------------------------------------------
---------------------------------------------------------------------------------
Start Final Netlist Cleanup
---------------------------------------------------------------------------------
---------------------------------------------------------------------------------
Finished Final Netlist Cleanup
---------------------------------------------------------------------------------
---------------------------------------------------------------------------------
Finished IO Insertion : Time (s): cpu = 00:00:36 ; elapsed = 00:00:37 . Memory (MB): peak = 1440.441 ; gain = 591.879
---------------------------------------------------------------------------------
---------------------------------------------------------------------------------
Start Renaming Generated Instances
---------------------------------------------------------------------------------
---------------------------------------------------------------------------------
Finished Renaming Generated Instances : Time (s): cpu = 00:00:36 ; elapsed = 00:00:37 . Memory (MB): peak = 1440.441 ; gain = 591.879
---------------------------------------------------------------------------------
---------------------------------------------------------------------------------
Start Rebuilding User Hierarchy
---------------------------------------------------------------------------------
---------------------------------------------------------------------------------
Finished Rebuilding User Hierarchy : Time (s): cpu = 00:00:36 ; elapsed = 00:00:37 . Memory (MB): peak = 1440.441 ; gain = 591.879
---------------------------------------------------------------------------------
---------------------------------------------------------------------------------
Start Renaming Generated Ports
---------------------------------------------------------------------------------
---------------------------------------------------------------------------------
Finished Renaming Generated Ports : Time (s): cpu = 00:00:36 ; elapsed = 00:00:37 . Memory (MB): peak = 1440.441 ; gain = 591.879
---------------------------------------------------------------------------------
---------------------------------------------------------------------------------
Start Handling Custom Attributes
---------------------------------------------------------------------------------
---------------------------------------------------------------------------------
Finished Handling Custom Attributes : Time (s): cpu = 00:00:36 ; elapsed = 00:00:37 . Memory (MB): peak = 1440.441 ; gain = 591.879
---------------------------------------------------------------------------------
---------------------------------------------------------------------------------
Start Renaming Generated Nets
---------------------------------------------------------------------------------
---------------------------------------------------------------------------------
Finished Renaming Generated Nets : Time (s): cpu = 00:00:36 ; elapsed = 00:00:37 . Memory (MB): peak = 1440.441 ; gain = 591.879
---------------------------------------------------------------------------------
---------------------------------------------------------------------------------
Start Writing Synthesis Report
---------------------------------------------------------------------------------

Report BlackBoxes: 
+-+--------------+----------+
| |BlackBox name |Instances |
+-+--------------+----------+
+-+--------------+----------+

Report Cell Usage: 
+------+-----+------+
|      |Cell |Count |
+------+-----+------+
|1     |BUFG |     1|
|2     |LUT2 |     8|
|3     |LUT3 |     8|
|4     |LUT4 |     8|
|5     |LUT5 |    21|
|6     |LUT6 |    29|
|7     |FDCE |     6|
|8     |FDRE |    40|
|9     |IBUF |     3|
|10    |OBUF |     1|
+------+-----+------+
---------------------------------------------------------------------------------
Finished Writing Synthesis Report : Time (s): cpu = 00:00:36 ; elapsed = 00:00:37 . Memory (MB): peak = 1440.441 ; gain = 591.879
---------------------------------------------------------------------------------
Synthesis finished with 0 errors, 0 critical warnings and 1 warnings.
Synthesis Optimization Runtime : Time (s): cpu = 00:00:24 ; elapsed = 00:00:35 . Memory (MB): peak = 1440.441 ; gain = 549.941
Synthesis Optimization Complete : Time (s): cpu = 00:00:36 ; elapsed = 00:00:37 . Memory (MB): peak = 1440.441 ; gain = 591.879
INFO: [Project 1-571] Translating synthesized netlist
Netlist sorting complete. Time (s): cpu = 00:00:00 ; elapsed = 00:00:00.001 . Memory (MB): peak = 1440.441 ; gain = 0.000
INFO: [Project 1-570] Preparing netlist for logic optimization
INFO: [Opt 31-138] Pushed 0 inverter(s) to 0 load pin(s).
Netlist sorting complete. Time (s): cpu = 00:00:00 ; elapsed = 00:00:00 . Memory (MB): peak = 1440.441 ; gain = 0.000
INFO: [Project 1-111] Unisim Transformation Summary:
No Unisim elements were transformed.

The system cannot find the path specified.
Synth Design complete | Checksum: 6a58a9c6
INFO: [Common 17-83] Releasing license: Synthesis
29 Infos, 11 Warnings, 0 Critical Warnings and 0 Errors encountered.
synth_design completed successfully
synth_design: Time (s): cpu = 00:00:40 ; elapsed = 00:00:43 . Memory (MB): peak = 1440.441 ; gain = 967.121
Write ShapeDB Complete: Time (s): cpu = 00:00:00 ; elapsed = 00:00:00.001 . Memory (MB): peak = 1440.441 ; gain = 0.000
INFO: [Common 17-1381] The checkpoint 'D:/FPGA_Projects/UART_Reciever/UART_Reciever.runs/synth_1/TOP.dcp' has been generated.
INFO: [runtcl-4] Executing : report_utilization -file TOP_utilization_synth.rpt -pb TOP_utilization_synth.pb
INFO: [Common 17-206] Exiting Vivado at Wed Jun 26 19:35:57 2024...
